<?xml version="1.0" encoding="UTF-8"?>
<!-- Generated by org.testng.reporters.JUnitReportReporter -->
<testsuite hostname="ADITYA_KITTU" failures="0" tests="3" name="testCases.logOutTest" time="6.887" errors="0" timestamp="2025-08-02T14:20:11 IST" skipped="0">
  <testcase classname="testCases.logOutTest" name="logOutTest" time="1.117"/>
  <testcase classname="testCases.logOutTest" name="logOutTest" time="1.291"/>
  <testcase classname="testCases.logOutTest" name="logOutTest" time="4.479"/>
</testsuite> <!-- testCases.logOutTest -->
