<?xml version="1.0" encoding="UTF-8"?>
<!-- Generated by org.testng.reporters.JUnitReportReporter -->
<testsuite hostname="ADITYA_KITTU" failures="0" tests="1" name="testCases.logOutTest" time="1.086" errors="0" timestamp="2025-07-20T17:53:41 IST" skipped="0">
  <testcase classname="testCases.logOutTest" name="logOutTest" time="1.086"/>
</testsuite> <!-- testCases.logOutTest -->
