<?xml version="1.0" encoding="UTF-8"?>
<!-- Generated by org.testng.reporters.JUnitReportReporter -->
<testsuite hostname="ADITYA_KITTU" failures="0" tests="3" name="testCases.registerAnAccount" time="10.474" errors="0" timestamp="2025-08-02T14:20:11 IST" skipped="0">
  <testcase classname="testCases.registerAnAccount" name="CreateUser" time="4.118"/>
  <testcase classname="testCases.registerAnAccount" name="CreateUser" time="2.702"/>
  <testcase classname="testCases.registerAnAccount" name="CreateUser" time="3.654"/>
</testsuite> <!-- testCases.registerAnAccount -->
