<?xml version="1.0" encoding="UTF-8"?>
<!-- Generated by org.testng.reporters.JUnitReportReporter -->
<testsuite hostname="ADITYA_KITTU" failures="0" tests="1" name="testCases.loginTest" time="2.840" errors="0" timestamp="2025-08-09T23:55:06 IST" skipped="0">
  <testcase classname="testCases.loginTest" name="loginTest" time="2.840"/>
</testsuite> <!-- testCases.loginTest -->
