<?xml version="1.0" encoding="UTF-8"?>
<!-- Generated by org.testng.reporters.JUnitReportReporter -->
<testsuite hostname="ADITYA_KITTU" failures="0" tests="1" name="testCases.registerAnAccount" time="3.374" errors="0" timestamp="2025-08-06T21:05:21 IST" skipped="0">
  <testcase classname="testCases.registerAnAccount" name="CreateUser" time="3.374"/>
</testsuite> <!-- testCases.registerAnAccount -->
