<?xml version="1.0" encoding="UTF-8"?>
<!-- Generated by org.testng.reporters.JUnitReportReporter -->
<testsuite hostname="ADITYA_KITTU" failures="0" tests="3" name="testCases.loginTest" time="6.891" errors="0" timestamp="2025-08-02T14:20:11 IST" skipped="0">
  <testcase classname="testCases.loginTest" name="loginTest" time="2.532"/>
  <testcase classname="testCases.loginTest" name="loginTest" time="2.328"/>
  <testcase classname="testCases.loginTest" name="loginTest" time="2.031"/>
</testsuite> <!-- testCases.loginTest -->
