<?xml version="1.0" encoding="UTF-8"?>
<!-- Generated by org.testng.reporters.JUnitReportReporter -->
<testsuite hostname="DESKTOP-5OLMRSH" failures="0" tests="1" name="testCases.loginTest" time="2.310" errors="0" timestamp="2025-07-06T23:20:42 IST" skipped="0">
  <testcase classname="testCases.loginTest" name="loginTest" time="2.310"/>
</testsuite> <!-- testCases.loginTest -->
