<?xml version="1.0" encoding="UTF-8"?>
<!-- Generated by org.testng.reporters.JUnitReportReporter -->
<testsuite hostname="ADITYA_KITTU" failures="0" tests="1" name="testCases.loginTest" time="1.538" errors="0" timestamp="2025-07-31T22:38:02 IST" skipped="0">
  <testcase classname="testCases.loginTest" name="loginTest" time="1.538"/>
</testsuite> <!-- testCases.loginTest -->
