<?xml version="1.0" encoding="UTF-8"?>
<!-- Generated by org.testng.reporters.JUnitReportReporter -->
<testsuite hostname="ADITYA_KITTU" failures="0" tests="1" name="testCases.loginTest" time="1.756" errors="0" timestamp="2025-07-23T21:44:26 IST" skipped="0">
  <testcase classname="testCases.loginTest" name="loginTest" time="1.756"/>
</testsuite> <!-- testCases.loginTest -->
