<?xml version="1.0" encoding="UTF-8"?>
<!-- Generated by org.testng.reporters.JUnitReportReporter -->
<testsuite hostname="DESKTOP-5OLMRSH" failures="0" tests="1" name="testCases.registerAnAccount" time="4.339" errors="0" timestamp="2025-07-06T23:20:42 IST" skipped="0">
  <testcase classname="testCases.registerAnAccount" name="CreateUser" time="4.339"/>
</testsuite> <!-- testCases.registerAnAccount -->
