<?xml version="1.0" encoding="UTF-8"?>
<!-- Generated by org.testng.reporters.JUnitReportReporter -->
<testsuite hostname="ADITYA_KITTU" failures="0" tests="3" name="testCases.addToWishlist" time="2.761" errors="0" timestamp="2025-08-02T14:20:11 IST" skipped="0">
  <testcase classname="testCases.addToWishlist" name="AddtoWishList" time="1.043"/>
  <testcase classname="testCases.addToWishlist" name="AddtoWishList" time="1.221"/>
  <testcase classname="testCases.addToWishlist" name="AddtoWishList" time="0.497"/>
</testsuite> <!-- testCases.addToWishlist -->
