<?xml version="1.0" encoding="UTF-8"?>
<!-- Generated by org.testng.reporters.JUnitReportReporter -->
<testsuite hostname="ADITYA_KITTU" failures="0" tests="1" name="testCases.loginTest" time="2.466" errors="0" timestamp="2025-07-13T17:44:43 IST" skipped="0">
  <testcase classname="testCases.loginTest" name="loginTest" time="2.466"/>
</testsuite> <!-- testCases.loginTest -->
