<?xml version="1.0" encoding="UTF-8"?>
<!-- Generated by org.testng.reporters.JUnitReportReporter -->

<testsuite hostname="ADITYA_KITTU" failures="0" tests="1" name="testCases.searchAndAddtoWishlistaProduct" time="4.508" errors="0" timestamp="2025-08-09T23:55:06 IST" skipped="0">
  <testcase classname="testCases.searchAndAddtoWishlistaProduct" name="searchandaddtowishlist" time="4.508"/>

</testsuite> <!-- testCases.searchAndAddtoWishlistaProduct -->
