<?xml version="1.0" encoding="UTF-8"?>
<!-- Generated by org.testng.reporters.JUnitReportReporter -->
<testsuite hostname="DESKTOP-5OLMRSH" failures="0" tests="1" name="testCases.logOutTest" time="1.170" errors="0" timestamp="2025-07-06T23:20:42 IST" skipped="0">
  <testcase classname="testCases.logOutTest" name="logOutTest" time="1.170"/>
</testsuite> <!-- testCases.logOutTest -->
