<?xml version="1.0" encoding="UTF-8"?>
<!-- Generated by org.testng.reporters.JUnitReportReporter -->
<testsuite hostname="ADITYA_KITTU" failures="0" tests="1" name="testCases.loginTest" time="1.517" errors="0" timestamp="2025-08-02T11:47:43 IST" skipped="0">
  <testcase classname="testCases.loginTest" name="loginTest" time="1.517"/>
</testsuite> <!-- testCases.loginTest -->
