<?xml version="1.0" encoding="UTF-8"?>
<!-- Generated by org.testng.reporters.JUnitReportReporter -->
<testsuite hostname="ADITYA_KITTU" failures="0" tests="1" name="testCases.addToWishlist" time="0.671" errors="0" timestamp="2025-08-01T22:32:51 IST" skipped="0">
  <testcase classname="testCases.addToWishlist" name="AddtoWishList" time="0.671"/>
</testsuite> <!-- testCases.addToWishlist -->
