<?xml version="1.0" encoding="UTF-8"?>
<!-- Generated by org.testng.reporters.JUnitReportReporter -->
<testsuite hostname="ADITYA_KITTU" failures="0" tests="1" name="testCases.searchAndAddtoWishlistaProduct" time="3.879" errors="0" timestamp="2025-08-02T11:50:38 IST" skipped="0">
  <testcase classname="testCases.searchAndAddtoWishlistaProduct" name="searchandaddtowishlist" time="3.879"/>
</testsuite> <!-- testCases.searchAndAddtoWishlistaProduct -->
