<?xml version="1.0" encoding="UTF-8"?>
<!-- Generated by org.testng.reporters.JUnitReportReporter -->
<testsuite hostname="ADITYA_KITTU" failures="0" tests="1" name="testCases.searchAndAddtoWishlistaProduct" time="4.311" errors="0" timestamp="2025-08-01T22:32:51 IST" skipped="0">
  <testcase classname="testCases.searchAndAddtoWishlistaProduct" name="searchandaddtowishlist" time="4.311"/>
</testsuite> <!-- testCases.searchAndAddtoWishlistaProduct -->
