<?xml version="1.0" encoding="UTF-8"?>
<!-- Generated by org.testng.reporters.JUnitReportReporter -->
<testsuite hostname="ADITYA_KITTU" failures="0" tests="3" name="testCases.logOutTest" time="2.562" errors="0" timestamp="2025-08-02T12:22:51 IST" skipped="0">
  <testcase classname="testCases.logOutTest" name="logOutTest" time="0.806"/>
  <testcase classname="testCases.logOutTest" name="logOutTest" time="0.929"/>
  <testcase classname="testCases.logOutTest" name="logOutTest" time="0.827"/>
</testsuite> <!-- testCases.logOutTest -->
