<?xml version="1.0" encoding="UTF-8"?>
<!-- Generated by org.testng.reporters.JUnitReportReporter -->
<testsuite hostname="ADITYA_KITTU" failures="0" tests="1" name="testCases.logOutTest" time="0.837" errors="0" timestamp="2025-07-31T22:39:37 IST" skipped="0">
  <testcase classname="testCases.logOutTest" name="logOutTest" time="0.837"/>
</testsuite> <!-- testCases.logOutTest -->
