<?xml version="1.0" encoding="UTF-8"?>
<!-- Generated by org.testng.reporters.JUnitReportReporter -->
<testsuite hostname="ADITYA_KITTU" failures="0" tests="1" name="testCases.registerAnAccount" time="3.282" errors="0" timestamp="2025-07-16T23:20:43 IST" skipped="0">
  <testcase classname="testCases.registerAnAccount" name="CreateUser" time="3.282"/>
</testsuite> <!-- testCases.registerAnAccount -->
