<?xml version="1.0" encoding="UTF-8"?>
<!-- Generated by org.testng.reporters.JUnitReportReporter -->
<testsuite hostname="ADITYA_KITTU" failures="0" tests="3" name="testCases.addToWishlist" time="1.759" errors="0" timestamp="2025-08-02T12:22:51 IST" skipped="0">
  <testcase classname="testCases.addToWishlist" name="AddtoWishList" time="0.508"/>
  <testcase classname="testCases.addToWishlist" name="AddtoWishList" time="0.608"/>
  <testcase classname="testCases.addToWishlist" name="AddtoWishList" time="0.643"/>
</testsuite> <!-- testCases.addToWishlist -->
