<?xml version="1.0" encoding="UTF-8"?>
<!-- Generated by org.testng.reporters.JUnitReportReporter -->
<testsuite hostname="ADITYA_KITTU" failures="0" tests="3" name="testCases.searchAndAddtoWishlistaProduct" time="11.781" errors="0" timestamp="2025-08-02T12:22:51 IST" skipped="0">
  <testcase classname="testCases.searchAndAddtoWishlistaProduct" name="searchandaddtowishlist" time="3.737"/>
  <testcase classname="testCases.searchAndAddtoWishlistaProduct" name="searchandaddtowishlist" time="4.160"/>
  <testcase classname="testCases.searchAndAddtoWishlistaProduct" name="searchandaddtowishlist" time="3.884"/>
</testsuite> <!-- testCases.searchAndAddtoWishlistaProduct -->
