<?xml version="1.0" encoding="UTF-8"?>
<!-- Generated by org.testng.reporters.JUnitReportReporter -->
<testsuite hostname="ADITYA_KITTU" failures="0" tests="1" name="testCases.addToWishlist" time="0.918" errors="0" timestamp="2025-08-08T02:17:01 IST" skipped="0">
  <testcase classname="testCases.addToWishlist" name="AddtoWishList" time="0.918"/>
</testsuite> <!-- testCases.addToWishlist -->
