<?xml version="1.0" encoding="UTF-8"?>
<!-- Generated by org.testng.reporters.JUnitReportReporter -->
<testsuite hostname="ADITYA_KITTU" failures="0" tests="1" name="testCases.addToWishlist" time="1.086" errors="0" timestamp="2025-08-23T18:17:46 IST" skipped="0">
  <testcase classname="testCases.addToWishlist" name="AddtoWishList" time="1.086"/>
</testsuite> <!-- testCases.addToWishlist -->
