<?xml version="1.0" encoding="UTF-8"?>
<!-- Generated by org.testng.reporters.JUnitReportReporter -->
<testsuite hostname="ADITYA_KITTU" failures="0" tests="3" name="testCases.registerAnAccount" time="6.357" errors="0" timestamp="2025-08-02T12:22:51 IST" skipped="0">
  <testcase classname="testCases.registerAnAccount" name="CreateUser" time="2.367"/>
  <testcase classname="testCases.registerAnAccount" name="CreateUser" time="1.887"/>
  <testcase classname="testCases.registerAnAccount" name="CreateUser" time="2.103"/>
</testsuite> <!-- testCases.registerAnAccount -->
