<?xml version="1.0" encoding="UTF-8"?>
<!-- Generated by org.testng.reporters.JUnitReportReporter -->
<testsuite hostname="ADITYA_KITTU" failures="0" tests="1" name="testCases.registerAnAccount" time="2.811" errors="0" timestamp="2025-07-31T22:39:37 IST" skipped="0">
  <testcase classname="testCases.registerAnAccount" name="CreateUser" time="2.811"/>
</testsuite> <!-- testCases.registerAnAccount -->
