<?xml version="1.0" encoding="UTF-8"?>
<!-- Generated by org.testng.reporters.JUnitReportReporter -->
<testsuite hostname="ADITYA_KITTU" failures="0" tests="3" name="testCases.loginTest" time="4.577" errors="0" timestamp="2025-08-02T12:22:51 IST" skipped="0">
  <testcase classname="testCases.loginTest" name="loginTest" time="1.283"/>
  <testcase classname="testCases.loginTest" name="loginTest" time="1.746"/>
  <testcase classname="testCases.loginTest" name="loginTest" time="1.548"/>
</testsuite> <!-- testCases.loginTest -->
