<?xml version="1.0" encoding="UTF-8"?>
<!-- Generated by org.testng.reporters.JUnitReportReporter -->
<testsuite hostname="ADITYA_KITTU" failures="0" tests="1" name="testCases.loginTest" time="2.708" errors="0" timestamp="2025-08-23T18:17:46 IST" skipped="0">
  <testcase classname="testCases.loginTest" name="loginTest" time="2.708"/>
</testsuite> <!-- testCases.loginTest -->
